<?xml version="1.0" encoding="UTF-8"?>
<testng-results ignored="0" total="1" passed="1" failed="0" skipped="0">
  <reporter-output>
  </reporter-output>
  <suite started-at="2024-09-01T11:39:19 IST" name="Default suite" finished-at="2024-09-01T11:39:42 IST" duration-ms="23141">
    <groups>
    </groups>
    <test started-at="2024-09-01T11:39:19 IST" name="Default test" finished-at="2024-09-01T11:39:42 IST" duration-ms="23141">
      <class name="testPKG.Sauce_Task_Test">
        <test-method is-config="true" signature="start()[pri:0, instance:testPKG.Sauce_Task_Test@15043a2f]" started-at="2024-09-01T11:39:19 IST" name="start" finished-at="2024-09-01T11:39:22 IST" duration-ms="2845" status="PASS">
          <reporter-output>
          </reporter-output>
        </test-method> <!-- start -->
        <test-method signature="MainTask()[pri:0, instance:testPKG.Sauce_Task_Test@15043a2f]" started-at="2024-09-01T11:39:22 IST" name="MainTask" finished-at="2024-09-01T11:39:42 IST" duration-ms="20267" status="PASS">
          <reporter-output>
          </reporter-output>
        </test-method> <!-- MainTask -->
        <test-method is-config="true" signature="end()[pri:0, instance:testPKG.Sauce_Task_Test@15043a2f]" started-at="2024-09-01T11:39:42 IST" name="end" finished-at="2024-09-01T11:39:42 IST" duration-ms="0" status="PASS">
          <reporter-output>
          </reporter-output>
        </test-method> <!-- end -->
      </class> <!-- testPKG.Sauce_Task_Test -->
    </test> <!-- Default test -->
  </suite> <!-- Default suite -->
</testng-results>
